Connecting to database specified by database.yml


Started GET "/assets/rails.png" for 127.0.0.1 at 2013-05-08 13:49:50 -0400
Served asset /rails.png - 200 OK (29ms)


Started GET "/" for 127.0.0.1 at 2013-05-08 13:55:34 -0400

ActionController::RoutingError (No route matches [GET] "/"):
  actionpack (3.2.13) lib/action_dispatch/middleware/debug_exceptions.rb:21:in `call'
  actionpack (3.2.13) lib/action_dispatch/middleware/show_exceptions.rb:56:in `call'
  railties (3.2.13) lib/rails/rack/logger.rb:32:in `call_app'
  railties (3.2.13) lib/rails/rack/logger.rb:16:in `block in call'
  activesupport (3.2.13) lib/active_support/tagged_logging.rb:22:in `tagged'
  railties (3.2.13) lib/rails/rack/logger.rb:16:in `call'
  actionpack (3.2.13) lib/action_dispatch/middleware/request_id.rb:22:in `call'
  rack (1.4.5) lib/rack/methodoverride.rb:21:in `call'
  rack (1.4.5) lib/rack/runtime.rb:17:in `call'
  activesupport (3.2.13) lib/active_support/cache/strategy/local_cache.rb:72:in `call'
  rack (1.4.5) lib/rack/lock.rb:15:in `call'
  actionpack (3.2.13) lib/action_dispatch/middleware/static.rb:63:in `call'
  railties (3.2.13) lib/rails/engine.rb:479:in `call'
  railties (3.2.13) lib/rails/application.rb:223:in `call'
  rack (1.4.5) lib/rack/content_length.rb:14:in `call'
  railties (3.2.13) lib/rails/rack/log_tailer.rb:17:in `call'
  rack (1.4.5) lib/rack/handler/webrick.rb:59:in `service'
  /Users/JuanPablo/.rvm/rubies/ruby-1.9.3-p392/lib/ruby/1.9.1/webrick/httpserver.rb:138:in `service'
  /Users/JuanPablo/.rvm/rubies/ruby-1.9.3-p392/lib/ruby/1.9.1/webrick/httpserver.rb:94:in `run'
  /Users/JuanPablo/.rvm/rubies/ruby-1.9.3-p392/lib/ruby/1.9.1/webrick/server.rb:191:in `block in start_thread'


  Rendered /Users/JuanPablo/.rvm/gems/ruby-1.9.3-p392/gems/actionpack-3.2.13/lib/action_dispatch/middleware/templates/rescues/routing_error.erb within rescues/layout (14.4ms)


Started GET "/application" for 127.0.0.1 at 2013-05-08 13:55:44 -0400

ActionController::RoutingError (No route matches [GET] "/application"):
  actionpack (3.2.13) lib/action_dispatch/middleware/debug_exceptions.rb:21:in `call'
  actionpack (3.2.13) lib/action_dispatch/middleware/show_exceptions.rb:56:in `call'
  railties (3.2.13) lib/rails/rack/logger.rb:32:in `call_app'
  railties (3.2.13) lib/rails/rack/logger.rb:16:in `block in call'
  activesupport (3.2.13) lib/active_support/tagged_logging.rb:22:in `tagged'
  railties (3.2.13) lib/rails/rack/logger.rb:16:in `call'
  actionpack (3.2.13) lib/action_dispatch/middleware/request_id.rb:22:in `call'
  rack (1.4.5) lib/rack/methodoverride.rb:21:in `call'
  rack (1.4.5) lib/rack/runtime.rb:17:in `call'
  activesupport (3.2.13) lib/active_support/cache/strategy/local_cache.rb:72:in `call'
  rack (1.4.5) lib/rack/lock.rb:15:in `call'
  actionpack (3.2.13) lib/action_dispatch/middleware/static.rb:63:in `call'
  railties (3.2.13) lib/rails/engine.rb:479:in `call'
  railties (3.2.13) lib/rails/application.rb:223:in `call'
  rack (1.4.5) lib/rack/content_length.rb:14:in `call'
  railties (3.2.13) lib/rails/rack/log_tailer.rb:17:in `call'
  rack (1.4.5) lib/rack/handler/webrick.rb:59:in `service'
  /Users/JuanPablo/.rvm/rubies/ruby-1.9.3-p392/lib/ruby/1.9.1/webrick/httpserver.rb:138:in `service'
  /Users/JuanPablo/.rvm/rubies/ruby-1.9.3-p392/lib/ruby/1.9.1/webrick/httpserver.rb:94:in `run'
  /Users/JuanPablo/.rvm/rubies/ruby-1.9.3-p392/lib/ruby/1.9.1/webrick/server.rb:191:in `block in start_thread'


  Rendered /Users/JuanPablo/.rvm/gems/ruby-1.9.3-p392/gems/actionpack-3.2.13/lib/action_dispatch/middleware/templates/rescues/routing_error.erb within rescues/layout (0.9ms)
Connecting to database specified by database.yml
Connecting to database specified by database.yml
Connecting to database specified by database.yml
Connecting to database specified by database.yml
Connecting to database specified by database.yml
Connecting to database specified by database.yml
Connecting to database specified by database.yml
Connecting to database specified by database.yml


Started GET "/" for 127.0.0.1 at 2013-05-08 18:30:21 -0400

ActionController::RoutingError (No route matches [GET] "/"):
  actionpack (3.2.13) lib/action_dispatch/middleware/debug_exceptions.rb:21:in `call'
  actionpack (3.2.13) lib/action_dispatch/middleware/show_exceptions.rb:56:in `call'
  railties (3.2.13) lib/rails/rack/logger.rb:32:in `call_app'
  railties (3.2.13) lib/rails/rack/logger.rb:16:in `block in call'
  activesupport (3.2.13) lib/active_support/tagged_logging.rb:22:in `tagged'
  railties (3.2.13) lib/rails/rack/logger.rb:16:in `call'
  actionpack (3.2.13) lib/action_dispatch/middleware/request_id.rb:22:in `call'
  rack (1.4.5) lib/rack/methodoverride.rb:21:in `call'
  rack (1.4.5) lib/rack/runtime.rb:17:in `call'
  activesupport (3.2.13) lib/active_support/cache/strategy/local_cache.rb:72:in `call'
  rack (1.4.5) lib/rack/lock.rb:15:in `call'
  actionpack (3.2.13) lib/action_dispatch/middleware/static.rb:63:in `call'
  railties (3.2.13) lib/rails/engine.rb:479:in `call'
  railties (3.2.13) lib/rails/application.rb:223:in `call'
  rack (1.4.5) lib/rack/content_length.rb:14:in `call'
  railties (3.2.13) lib/rails/rack/log_tailer.rb:17:in `call'
  rack (1.4.5) lib/rack/handler/webrick.rb:59:in `service'
  /home/sh/.rvm/rubies/ruby-1.9.3-p392/lib/ruby/1.9.1/webrick/httpserver.rb:138:in `service'
  /home/sh/.rvm/rubies/ruby-1.9.3-p392/lib/ruby/1.9.1/webrick/httpserver.rb:94:in `run'
  /home/sh/.rvm/rubies/ruby-1.9.3-p392/lib/ruby/1.9.1/webrick/server.rb:191:in `block in start_thread'


  Rendered /home/sh/.rvm/gems/ruby-1.9.3-p392/gems/actionpack-3.2.13/lib/action_dispatch/middleware/templates/rescues/routing_error.erb within rescues/layout (7.9ms)


Started GET "/order" for 127.0.0.1 at 2013-05-08 18:30:29 -0400

ActionController::RoutingError (No route matches [GET] "/order"):
  actionpack (3.2.13) lib/action_dispatch/middleware/debug_exceptions.rb:21:in `call'
  actionpack (3.2.13) lib/action_dispatch/middleware/show_exceptions.rb:56:in `call'
  railties (3.2.13) lib/rails/rack/logger.rb:32:in `call_app'
  railties (3.2.13) lib/rails/rack/logger.rb:16:in `block in call'
  activesupport (3.2.13) lib/active_support/tagged_logging.rb:22:in `tagged'
  railties (3.2.13) lib/rails/rack/logger.rb:16:in `call'
  actionpack (3.2.13) lib/action_dispatch/middleware/request_id.rb:22:in `call'
  rack (1.4.5) lib/rack/methodoverride.rb:21:in `call'
  rack (1.4.5) lib/rack/runtime.rb:17:in `call'
  activesupport (3.2.13) lib/active_support/cache/strategy/local_cache.rb:72:in `call'
  rack (1.4.5) lib/rack/lock.rb:15:in `call'
  actionpack (3.2.13) lib/action_dispatch/middleware/static.rb:63:in `call'
  railties (3.2.13) lib/rails/engine.rb:479:in `call'
  railties (3.2.13) lib/rails/application.rb:223:in `call'
  rack (1.4.5) lib/rack/content_length.rb:14:in `call'
  railties (3.2.13) lib/rails/rack/log_tailer.rb:17:in `call'
  rack (1.4.5) lib/rack/handler/webrick.rb:59:in `service'
  /home/sh/.rvm/rubies/ruby-1.9.3-p392/lib/ruby/1.9.1/webrick/httpserver.rb:138:in `service'
  /home/sh/.rvm/rubies/ruby-1.9.3-p392/lib/ruby/1.9.1/webrick/httpserver.rb:94:in `run'
  /home/sh/.rvm/rubies/ruby-1.9.3-p392/lib/ruby/1.9.1/webrick/server.rb:191:in `block in start_thread'


  Rendered /home/sh/.rvm/gems/ruby-1.9.3-p392/gems/actionpack-3.2.13/lib/action_dispatch/middleware/templates/rescues/routing_error.erb within rescues/layout (1.1ms)


Started GET "/orders" for 127.0.0.1 at 2013-05-08 18:30:33 -0400
Processing by OrdersController#index as HTML
Completed 500 Internal Server Error in 141ms

ActiveRecord::StatementInvalid (Could not find table 'orders'):
  app/controllers/orders_controller.rb:5:in `index'


  Rendered /home/sh/.rvm/gems/ruby-1.9.3-p392/gems/actionpack-3.2.13/lib/action_dispatch/middleware/templates/rescues/_trace.erb (4.3ms)
  Rendered /home/sh/.rvm/gems/ruby-1.9.3-p392/gems/actionpack-3.2.13/lib/action_dispatch/middleware/templates/rescues/_request_and_response.erb (3.3ms)
  Rendered /home/sh/.rvm/gems/ruby-1.9.3-p392/gems/actionpack-3.2.13/lib/action_dispatch/middleware/templates/rescues/diagnostics.erb within rescues/layout (23.0ms)
Connecting to database specified by database.yml
  [1m[36m (0.3ms)[0m  [1mselect sqlite_version(*)[0m
  [1m[35m (58.8ms)[0m  CREATE TABLE "schema_migrations" ("version" varchar(255) NOT NULL) 
  [1m[36m (10.7ms)[0m  [1mCREATE UNIQUE INDEX "unique_schema_migrations" ON "schema_migrations" ("version")[0m
  [1m[35m (2.7ms)[0m  SELECT "schema_migrations"."version" FROM "schema_migrations" 
Migrating to CreateOrders (20130508222945)
  [1m[36m (0.1ms)[0m  [1mbegin transaction[0m
  [1m[35m (0.9ms)[0m  CREATE TABLE "orders" ("id" INTEGER PRIMARY KEY AUTOINCREMENT NOT NULL, "arrivalDate" date, "arrivalTime" time, "rut" varchar(255), "addressId" varchar(255), "orderDate" date, "sku" integer, "qty" decimal, "unit" varchar(255), "state" varchar(255), "created_at" datetime NOT NULL, "updated_at" datetime NOT NULL) 
  [1m[36m (0.2ms)[0m  [1mINSERT INTO "schema_migrations" ("version") VALUES ('20130508222945')[0m
  [1m[35m (20.2ms)[0m  commit transaction
  [1m[36m (0.3ms)[0m  [1mSELECT "schema_migrations"."version" FROM "schema_migrations" [0m
Connecting to database specified by database.yml


Started GET "/order" for 127.0.0.1 at 2013-05-08 18:32:37 -0400

ActionController::RoutingError (No route matches [GET] "/order"):
  actionpack (3.2.13) lib/action_dispatch/middleware/debug_exceptions.rb:21:in `call'
  actionpack (3.2.13) lib/action_dispatch/middleware/show_exceptions.rb:56:in `call'
  railties (3.2.13) lib/rails/rack/logger.rb:32:in `call_app'
  railties (3.2.13) lib/rails/rack/logger.rb:16:in `block in call'
  activesupport (3.2.13) lib/active_support/tagged_logging.rb:22:in `tagged'
  railties (3.2.13) lib/rails/rack/logger.rb:16:in `call'
  actionpack (3.2.13) lib/action_dispatch/middleware/request_id.rb:22:in `call'
  rack (1.4.5) lib/rack/methodoverride.rb:21:in `call'
  rack (1.4.5) lib/rack/runtime.rb:17:in `call'
  activesupport (3.2.13) lib/active_support/cache/strategy/local_cache.rb:72:in `call'
  rack (1.4.5) lib/rack/lock.rb:15:in `call'
  actionpack (3.2.13) lib/action_dispatch/middleware/static.rb:63:in `call'
  railties (3.2.13) lib/rails/engine.rb:479:in `call'
  railties (3.2.13) lib/rails/application.rb:223:in `call'
  rack (1.4.5) lib/rack/content_length.rb:14:in `call'
  railties (3.2.13) lib/rails/rack/log_tailer.rb:17:in `call'
  rack (1.4.5) lib/rack/handler/webrick.rb:59:in `service'
  /home/sh/.rvm/rubies/ruby-1.9.3-p392/lib/ruby/1.9.1/webrick/httpserver.rb:138:in `service'
  /home/sh/.rvm/rubies/ruby-1.9.3-p392/lib/ruby/1.9.1/webrick/httpserver.rb:94:in `run'
  /home/sh/.rvm/rubies/ruby-1.9.3-p392/lib/ruby/1.9.1/webrick/server.rb:191:in `block in start_thread'


  Rendered /home/sh/.rvm/gems/ruby-1.9.3-p392/gems/actionpack-3.2.13/lib/action_dispatch/middleware/templates/rescues/routing_error.erb within rescues/layout (5.1ms)


Started GET "/orders" for 127.0.0.1 at 2013-05-08 18:32:39 -0400
Processing by OrdersController#index as HTML
  [1m[36mOrder Load (0.6ms)[0m  [1mSELECT "orders".* FROM "orders" [0m
  Rendered orders/index.html.erb within layouts/application (1.8ms)
Compiled mailer.css  (73ms)  (pid 6735)
Compiled manager.css  (2ms)  (pid 6735)
Compiled orders.css  (1ms)  (pid 6735)
Compiled reservator.css  (2ms)  (pid 6735)
Compiled scaffolds.css  (28ms)  (pid 6735)
Compiled state_updater.css  (3ms)  (pid 6735)
Compiled stock_manager.css  (2ms)  (pid 6735)
Compiled application.css  (287ms)  (pid 6735)
Compiled jquery.js  (3ms)  (pid 6735)
Compiled jquery_ujs.js  (1ms)  (pid 6735)
Compiled mailer.js  (902ms)  (pid 6735)
Compiled manager.js  (306ms)  (pid 6735)
Compiled orders.js  (246ms)  (pid 6735)
Compiled reservator.js  (288ms)  (pid 6735)
Compiled state_updater.js  (270ms)  (pid 6735)
Compiled stock_manager.js  (248ms)  (pid 6735)
Compiled application.js  (2490ms)  (pid 6735)
Completed 200 OK in 3237ms (Views: 3096.4ms | ActiveRecord: 9.1ms)


Started GET "/assets/application.css?body=1" for 127.0.0.1 at 2013-05-08 18:32:43 -0400
Served asset /application.css - 200 OK (118ms)


Started GET "/assets/manager.css?body=1" for 127.0.0.1 at 2013-05-08 18:32:43 -0400
Served asset /manager.css - 200 OK (4ms)


Started GET "/assets/orders.css?body=1" for 127.0.0.1 at 2013-05-08 18:32:43 -0400
Served asset /orders.css - 200 OK (2ms)


Started GET "/assets/mailer.css?body=1" for 127.0.0.1 at 2013-05-08 18:32:43 -0400
Served asset /mailer.css - 200 OK (3ms)


Started GET "/assets/scaffolds.css?body=1" for 127.0.0.1 at 2013-05-08 18:32:43 -0400
Served asset /scaffolds.css - 200 OK (8ms)


Started GET "/assets/reservator.css?body=1" for 127.0.0.1 at 2013-05-08 18:32:43 -0400
Served asset /reservator.css - 200 OK (5ms)


Started GET "/assets/state_updater.css?body=1" for 127.0.0.1 at 2013-05-08 18:32:43 -0400
Served asset /state_updater.css - 200 OK (6ms)


Started GET "/assets/stock_manager.css?body=1" for 127.0.0.1 at 2013-05-08 18:32:43 -0400
Served asset /stock_manager.css - 200 OK (14ms)


Started GET "/assets/jquery_ujs.js?body=1" for 127.0.0.1 at 2013-05-08 18:32:43 -0400
Served asset /jquery_ujs.js - 200 OK (9ms)


Started GET "/assets/jquery.js?body=1" for 127.0.0.1 at 2013-05-08 18:32:43 -0400
Served asset /jquery.js - 200 OK (10ms)


Started GET "/assets/mailer.js?body=1" for 127.0.0.1 at 2013-05-08 18:32:43 -0400
Served asset /mailer.js - 200 OK (3ms)


Started GET "/assets/manager.js?body=1" for 127.0.0.1 at 2013-05-08 18:32:43 -0400
Served asset /manager.js - 200 OK (12ms)


Started GET "/assets/orders.js?body=1" for 127.0.0.1 at 2013-05-08 18:32:43 -0400
Served asset /orders.js - 200 OK (12ms)


Started GET "/assets/reservator.js?body=1" for 127.0.0.1 at 2013-05-08 18:32:43 -0400
Served asset /reservator.js - 200 OK (4ms)


Started GET "/assets/state_updater.js?body=1" for 127.0.0.1 at 2013-05-08 18:32:43 -0400
Served asset /state_updater.js - 200 OK (12ms)


Started GET "/assets/stock_manager.js?body=1" for 127.0.0.1 at 2013-05-08 18:32:43 -0400
Served asset /stock_manager.js - 200 OK (2ms)


Started GET "/assets/application.js?body=1" for 127.0.0.1 at 2013-05-08 18:32:43 -0400
Served asset /application.js - 200 OK (29ms)


Started GET "/orders/new" for 127.0.0.1 at 2013-05-08 18:32:47 -0400
Processing by OrdersController#new as HTML
  Rendered orders/_form.html.erb (80.0ms)
  Rendered orders/new.html.erb within layouts/application (112.3ms)
Completed 200 OK in 360ms (Views: 284.6ms | ActiveRecord: 0.0ms)


Started GET "/assets/application.css?body=1" for 127.0.0.1 at 2013-05-08 18:32:47 -0400
Served asset /application.css - 304 Not Modified (40ms)


Started GET "/assets/mailer.css?body=1" for 127.0.0.1 at 2013-05-08 18:32:47 -0400
Served asset /mailer.css - 304 Not Modified (4ms)


Started GET "/assets/reservator.css?body=1" for 127.0.0.1 at 2013-05-08 18:32:48 -0400
Served asset /reservator.css - 304 Not Modified (0ms)


Started GET "/assets/orders.css?body=1" for 127.0.0.1 at 2013-05-08 18:32:48 -0400
Served asset /orders.css - 304 Not Modified (4ms)


Started GET "/assets/scaffolds.css?body=1" for 127.0.0.1 at 2013-05-08 18:32:48 -0400
Served asset /scaffolds.css - 304 Not Modified (0ms)


Started GET "/assets/manager.css?body=1" for 127.0.0.1 at 2013-05-08 18:32:48 -0400
Served asset /manager.css - 304 Not Modified (0ms)


Started GET "/assets/state_updater.css?body=1" for 127.0.0.1 at 2013-05-08 18:32:48 -0400
Served asset /state_updater.css - 304 Not Modified (0ms)


Started GET "/assets/stock_manager.css?body=1" for 127.0.0.1 at 2013-05-08 18:32:48 -0400
Served asset /stock_manager.css - 304 Not Modified (0ms)


Started GET "/assets/jquery.js?body=1" for 127.0.0.1 at 2013-05-08 18:32:48 -0400
Served asset /jquery.js - 304 Not Modified (13ms)


Started GET "/assets/jquery_ujs.js?body=1" for 127.0.0.1 at 2013-05-08 18:32:48 -0400
Served asset /jquery_ujs.js - 304 Not Modified (0ms)


Started GET "/assets/mailer.js?body=1" for 127.0.0.1 at 2013-05-08 18:32:48 -0400
Served asset /mailer.js - 304 Not Modified (0ms)


Started GET "/assets/manager.js?body=1" for 127.0.0.1 at 2013-05-08 18:32:48 -0400
Served asset /manager.js - 304 Not Modified (0ms)


Started GET "/assets/orders.js?body=1" for 127.0.0.1 at 2013-05-08 18:32:48 -0400
Served asset /orders.js - 304 Not Modified (0ms)


Started GET "/assets/reservator.js?body=1" for 127.0.0.1 at 2013-05-08 18:32:48 -0400
Served asset /reservator.js - 304 Not Modified (0ms)


Started GET "/assets/stock_manager.js?body=1" for 127.0.0.1 at 2013-05-08 18:32:48 -0400
Served asset /stock_manager.js - 304 Not Modified (5ms)


Started GET "/assets/application.js?body=1" for 127.0.0.1 at 2013-05-08 18:32:48 -0400
Served asset /application.js - 304 Not Modified (5ms)


Started GET "/assets/state_updater.js?body=1" for 127.0.0.1 at 2013-05-08 18:32:48 -0400
Served asset /state_updater.js - 304 Not Modified (0ms)
Connecting to database specified by database.yml
Connecting to database specified by database.yml
  [1m[36m (25.1ms)[0m  [1mSELECT "schema_migrations"."version" FROM "schema_migrations" [0m
Migrating to CreateOrders (20130508222945)
  [1m[35m (0.1ms)[0m  select sqlite_version(*)
  [1m[36m (0.2ms)[0m  [1mSELECT "schema_migrations"."version" FROM "schema_migrations" [0m
Connecting to database specified by database.yml
Connecting to database specified by database.yml
  [1m[36m (24.2ms)[0m  [1mSELECT "schema_migrations"."version" FROM "schema_migrations" [0m
Migrating to CreateOrders (20130508222945)
  [1m[35m (0.1ms)[0m  select sqlite_version(*)
  [1m[36m (0.1ms)[0m  [1mSELECT "schema_migrations"."version" FROM "schema_migrations" [0m
Connecting to database specified by database.yml


Started GET "/" for 127.0.0.1 at 2013-05-14 14:34:45 -0400

ActionController::RoutingError (No route matches [GET] "/"):
  actionpack (3.2.13) lib/action_dispatch/middleware/debug_exceptions.rb:21:in `call'
  actionpack (3.2.13) lib/action_dispatch/middleware/show_exceptions.rb:56:in `call'
  railties (3.2.13) lib/rails/rack/logger.rb:32:in `call_app'
  railties (3.2.13) lib/rails/rack/logger.rb:16:in `block in call'
  activesupport (3.2.13) lib/active_support/tagged_logging.rb:22:in `tagged'
  railties (3.2.13) lib/rails/rack/logger.rb:16:in `call'
  actionpack (3.2.13) lib/action_dispatch/middleware/request_id.rb:22:in `call'
  rack (1.4.5) lib/rack/methodoverride.rb:21:in `call'
  rack (1.4.5) lib/rack/runtime.rb:17:in `call'
  activesupport (3.2.13) lib/active_support/cache/strategy/local_cache.rb:72:in `call'
  rack (1.4.5) lib/rack/lock.rb:15:in `call'
  actionpack (3.2.13) lib/action_dispatch/middleware/static.rb:63:in `call'
  railties (3.2.13) lib/rails/engine.rb:479:in `call'
  railties (3.2.13) lib/rails/application.rb:223:in `call'
  rack (1.4.5) lib/rack/content_length.rb:14:in `call'
  railties (3.2.13) lib/rails/rack/log_tailer.rb:17:in `call'
  rack (1.4.5) lib/rack/handler/webrick.rb:59:in `service'
  /Users/JuanPablo/.rvm/rubies/ruby-1.9.3-p392/lib/ruby/1.9.1/webrick/httpserver.rb:138:in `service'
  /Users/JuanPablo/.rvm/rubies/ruby-1.9.3-p392/lib/ruby/1.9.1/webrick/httpserver.rb:94:in `run'
  /Users/JuanPablo/.rvm/rubies/ruby-1.9.3-p392/lib/ruby/1.9.1/webrick/server.rb:191:in `block in start_thread'


  Rendered /Users/JuanPablo/.rvm/gems/ruby-1.9.3-p392/gems/actionpack-3.2.13/lib/action_dispatch/middleware/templates/rescues/routing_error.erb within rescues/layout (3.5ms)


Started GET "/orders" for 127.0.0.1 at 2013-05-14 14:35:03 -0400
Processing by OrdersController#index as HTML
  [1m[36mOrder Load (0.1ms)[0m  [1mSELECT "orders".* FROM "orders" [0m
  Rendered orders/index.html.erb within layouts/application (1.3ms)
Compiled mailer.css  (75ms)  (pid 4952)
Compiled manager.css  (1ms)  (pid 4952)
Compiled orders.css  (1ms)  (pid 4952)
Compiled reservator.css  (2ms)  (pid 4952)
Compiled scaffolds.css  (17ms)  (pid 4952)
Compiled state_updater.css  (30ms)  (pid 4952)
Compiled stock_manager.css  (2ms)  (pid 4952)
Compiled application.css  (199ms)  (pid 4952)
Compiled jquery.js  (1ms)  (pid 4952)
Compiled jquery_ujs.js  (0ms)  (pid 4952)
Compiled mailer.js  (354ms)  (pid 4952)
Compiled manager.js  (70ms)  (pid 4952)
Compiled orders.js  (80ms)  (pid 4952)
Compiled reservator.js  (73ms)  (pid 4952)
Compiled state_updater.js  (96ms)  (pid 4952)
Compiled stock_manager.js  (77ms)  (pid 4952)
Compiled application.js  (941ms)  (pid 4952)
Completed 200 OK in 1405ms (Views: 1343.4ms | ActiveRecord: 3.8ms)


Started GET "/assets/mailer.css?body=1" for 127.0.0.1 at 2013-05-14 14:35:05 -0400
Served asset /mailer.css - 200 OK (2ms)


Started GET "/assets/manager.css?body=1" for 127.0.0.1 at 2013-05-14 14:35:05 -0400
Served asset /manager.css - 200 OK (1ms)


Started GET "/assets/reservator.css?body=1" for 127.0.0.1 at 2013-05-14 14:35:05 -0400
Served asset /reservator.css - 200 OK (2ms)


Started GET "/assets/orders.css?body=1" for 127.0.0.1 at 2013-05-14 14:35:05 -0400
Served asset /orders.css - 200 OK (2ms)


Started GET "/assets/state_updater.css?body=1" for 127.0.0.1 at 2013-05-14 14:35:05 -0400
Served asset /state_updater.css - 200 OK (28ms)


Started GET "/assets/stock_manager.css?body=1" for 127.0.0.1 at 2013-05-14 14:35:05 -0400
Served asset /stock_manager.css - 200 OK (2ms)


Started GET "/assets/application.css?body=1" for 127.0.0.1 at 2013-05-14 14:35:05 -0400
Served asset /application.css - 200 OK (18ms)


Started GET "/assets/scaffolds.css?body=1" for 127.0.0.1 at 2013-05-14 14:35:05 -0400
Served asset /scaffolds.css - 304 Not Modified (1ms)


Started GET "/assets/mailer.js?body=1" for 127.0.0.1 at 2013-05-14 14:35:05 -0400
Served asset /mailer.js - 200 OK (1ms)


Started GET "/assets/manager.js?body=1" for 127.0.0.1 at 2013-05-14 14:35:05 -0400
Served asset /manager.js - 200 OK (1ms)


Started GET "/assets/orders.js?body=1" for 127.0.0.1 at 2013-05-14 14:35:05 -0400
Served asset /orders.js - 200 OK (1ms)


Started GET "/assets/reservator.js?body=1" for 127.0.0.1 at 2013-05-14 14:35:05 -0400
Served asset /reservator.js - 200 OK (1ms)


Started GET "/assets/state_updater.js?body=1" for 127.0.0.1 at 2013-05-14 14:35:05 -0400
Served asset /state_updater.js - 200 OK (1ms)


Started GET "/assets/application.js?body=1" for 127.0.0.1 at 2013-05-14 14:35:05 -0400
Served asset /application.js - 304 Not Modified (7ms)


Started GET "/assets/jquery.js?body=1" for 127.0.0.1 at 2013-05-14 14:35:05 -0400
Served asset /jquery.js - 304 Not Modified (2ms)


Started GET "/assets/stock_manager.js?body=1" for 127.0.0.1 at 2013-05-14 14:35:05 -0400
Served asset /stock_manager.js - 200 OK (1ms)


Started GET "/assets/jquery_ujs.js?body=1" for 127.0.0.1 at 2013-05-14 14:35:05 -0400
Served asset /jquery_ujs.js - 304 Not Modified (2ms)
Connecting to database specified by database.yml


Started GET "/orders" for 127.0.0.1 at 2013-05-14 15:01:19 -0400
Processing by OrdersController#index as HTML
  [1m[35mOrder Load (0.1ms)[0m  SELECT "orders".* FROM "orders" 
  Rendered orders/index.html.erb within layouts/application (27.9ms)
Completed 200 OK in 213ms (Views: 200.5ms | ActiveRecord: 0.6ms)


Started GET "/assets/application.css?body=1" for 127.0.0.1 at 2013-05-14 15:01:19 -0400
Served asset /application.css - 304 Not Modified (0ms)


Started GET "/assets/mailer.css?body=1" for 127.0.0.1 at 2013-05-14 15:01:19 -0400
Served asset /mailer.css - 304 Not Modified (0ms)


Started GET "/assets/manager.css?body=1" for 127.0.0.1 at 2013-05-14 15:01:19 -0400
Served asset /manager.css - 304 Not Modified (0ms)


Started GET "/assets/scaffolds.css?body=1" for 127.0.0.1 at 2013-05-14 15:01:19 -0400
Served asset /scaffolds.css - 304 Not Modified (0ms)


Started GET "/assets/orders.css?body=1" for 127.0.0.1 at 2013-05-14 15:01:19 -0400
Served asset /orders.css - 304 Not Modified (0ms)


Started GET "/assets/reservator.css?body=1" for 127.0.0.1 at 2013-05-14 15:01:19 -0400
Served asset /reservator.css - 304 Not Modified (0ms)


Started GET "/assets/state_updater.css?body=1" for 127.0.0.1 at 2013-05-14 15:01:19 -0400
Served asset /state_updater.css - 304 Not Modified (0ms)


Started GET "/assets/stock_manager.css?body=1" for 127.0.0.1 at 2013-05-14 15:01:19 -0400
Served asset /stock_manager.css - 304 Not Modified (0ms)


Started GET "/assets/jquery_ujs.js?body=1" for 127.0.0.1 at 2013-05-14 15:01:19 -0400
Served asset /jquery_ujs.js - 304 Not Modified (0ms)


Started GET "/assets/jquery.js?body=1" for 127.0.0.1 at 2013-05-14 15:01:19 -0400
Served asset /jquery.js - 304 Not Modified (0ms)


Started GET "/assets/manager.js?body=1" for 127.0.0.1 at 2013-05-14 15:01:19 -0400
Served asset /manager.js - 304 Not Modified (0ms)


Started GET "/assets/mailer.js?body=1" for 127.0.0.1 at 2013-05-14 15:01:19 -0400
Served asset /mailer.js - 304 Not Modified (0ms)


Started GET "/assets/orders.js?body=1" for 127.0.0.1 at 2013-05-14 15:01:19 -0400
Served asset /orders.js - 304 Not Modified (0ms)


Started GET "/assets/reservator.js?body=1" for 127.0.0.1 at 2013-05-14 15:01:19 -0400
Served asset /reservator.js - 304 Not Modified (0ms)


Started GET "/assets/state_updater.js?body=1" for 127.0.0.1 at 2013-05-14 15:01:19 -0400
Served asset /state_updater.js - 304 Not Modified (0ms)


Started GET "/assets/stock_manager.js?body=1" for 127.0.0.1 at 2013-05-14 15:01:19 -0400
Served asset /stock_manager.js - 304 Not Modified (0ms)


Started GET "/assets/application.js?body=1" for 127.0.0.1 at 2013-05-14 15:01:19 -0400
Served asset /application.js - 304 Not Modified (0ms)
Connecting to database specified by database.yml
Connecting to database specified by database.yml


Started DELETE "/orders/1" for 127.0.0.1 at 2013-05-14 15:10:37 -0400
Processing by OrdersController#destroy as HTML
  Parameters: {"authenticity_token"=>"cekZszBQHNXn2MEPaG3yiDBkc5PRb+SGQ+67Q4eUVOk=", "id"=>"1"}
  [1m[36mOrder Load (0.3ms)[0m  [1mSELECT "orders".* FROM "orders" WHERE "orders"."id" = ? LIMIT 1[0m  [["id", "1"]]
  [1m[35m (0.1ms)[0m  begin transaction
  [1m[36mSQL (43.4ms)[0m  [1mDELETE FROM "orders" WHERE "orders"."id" = ?[0m  [["id", 1]]
  [1m[35m (1.9ms)[0m  commit transaction
Redirected to http://localhost:3000/orders
Completed 302 Found in 101ms (ActiveRecord: 48.5ms)


Started GET "/orders" for 127.0.0.1 at 2013-05-14 15:10:38 -0400
Processing by OrdersController#index as HTML
  [1m[36mOrder Load (0.3ms)[0m  [1mSELECT "orders".* FROM "orders" [0m
  Rendered orders/index.html.erb within layouts/application (6.5ms)
Completed 200 OK in 267ms (Views: 265.7ms | ActiveRecord: 0.3ms)


Started GET "/assets/application.css?body=1" for 127.0.0.1 at 2013-05-14 15:10:38 -0400
Served asset /application.css - 304 Not Modified (19ms)


Started GET "/assets/mailer.css?body=1" for 127.0.0.1 at 2013-05-14 15:10:38 -0400
Served asset /mailer.css - 304 Not Modified (1ms)


Started GET "/assets/manager.css?body=1" for 127.0.0.1 at 2013-05-14 15:10:38 -0400
Served asset /manager.css - 304 Not Modified (1ms)


Started GET "/assets/orders.css?body=1" for 127.0.0.1 at 2013-05-14 15:10:38 -0400
Served asset /orders.css - 304 Not Modified (1ms)


Started GET "/assets/reservator.css?body=1" for 127.0.0.1 at 2013-05-14 15:10:38 -0400
Served asset /reservator.css - 304 Not Modified (5ms)


Started GET "/assets/scaffolds.css?body=1" for 127.0.0.1 at 2013-05-14 15:10:38 -0400
Served asset /scaffolds.css - 304 Not Modified (1ms)


Started GET "/assets/state_updater.css?body=1" for 127.0.0.1 at 2013-05-14 15:10:38 -0400
Served asset /state_updater.css - 304 Not Modified (1ms)


Started GET "/assets/stock_manager.css?body=1" for 127.0.0.1 at 2013-05-14 15:10:38 -0400
Served asset /stock_manager.css - 304 Not Modified (4ms)


Started GET "/assets/jquery.js?body=1" for 127.0.0.1 at 2013-05-14 15:10:38 -0400
Served asset /jquery.js - 304 Not Modified (3ms)


Started GET "/assets/jquery_ujs.js?body=1" for 127.0.0.1 at 2013-05-14 15:10:38 -0400
Served asset /jquery_ujs.js - 304 Not Modified (3ms)


Started GET "/assets/manager.js?body=1" for 127.0.0.1 at 2013-05-14 15:10:38 -0400
Served asset /manager.js - 304 Not Modified (4ms)


Started GET "/assets/mailer.js?body=1" for 127.0.0.1 at 2013-05-14 15:10:38 -0400
Served asset /mailer.js - 304 Not Modified (1ms)


Started GET "/assets/orders.js?body=1" for 127.0.0.1 at 2013-05-14 15:10:38 -0400
Served asset /orders.js - 304 Not Modified (1ms)


Started GET "/assets/reservator.js?body=1" for 127.0.0.1 at 2013-05-14 15:10:38 -0400
Served asset /reservator.js - 304 Not Modified (1ms)


Started GET "/assets/state_updater.js?body=1" for 127.0.0.1 at 2013-05-14 15:10:38 -0400
Served asset /state_updater.js - 304 Not Modified (1ms)


Started GET "/assets/stock_manager.js?body=1" for 127.0.0.1 at 2013-05-14 15:10:38 -0400
Served asset /stock_manager.js - 304 Not Modified (1ms)


Started GET "/assets/application.js?body=1" for 127.0.0.1 at 2013-05-14 15:10:38 -0400
Served asset /application.js - 304 Not Modified (7ms)


Started DELETE "/orders/2" for 127.0.0.1 at 2013-05-14 15:10:40 -0400
Processing by OrdersController#destroy as HTML
  Parameters: {"authenticity_token"=>"cekZszBQHNXn2MEPaG3yiDBkc5PRb+SGQ+67Q4eUVOk=", "id"=>"2"}
  [1m[35mOrder Load (0.2ms)[0m  SELECT "orders".* FROM "orders" WHERE "orders"."id" = ? LIMIT 1  [["id", "2"]]
  [1m[36m (0.1ms)[0m  [1mbegin transaction[0m
  [1m[35mSQL (0.3ms)[0m  DELETE FROM "orders" WHERE "orders"."id" = ?  [["id", 2]]
  [1m[36m (52.0ms)[0m  [1mcommit transaction[0m
Redirected to http://localhost:3000/orders
Completed 302 Found in 56ms (ActiveRecord: 52.5ms)


Started GET "/orders" for 127.0.0.1 at 2013-05-14 15:10:40 -0400
Processing by OrdersController#index as HTML
  [1m[35mOrder Load (0.2ms)[0m  SELECT "orders".* FROM "orders" 
  Rendered orders/index.html.erb within layouts/application (1.5ms)
Completed 200 OK in 84ms (Views: 83.6ms | ActiveRecord: 0.2ms)


Started GET "/assets/application.css?body=1" for 127.0.0.1 at 2013-05-14 15:10:40 -0400
Served asset /application.css - 304 Not Modified (0ms)


Started GET "/assets/mailer.css?body=1" for 127.0.0.1 at 2013-05-14 15:10:40 -0400
Served asset /mailer.css - 304 Not Modified (0ms)


Started GET "/assets/reservator.css?body=1" for 127.0.0.1 at 2013-05-14 15:10:40 -0400
Served asset /reservator.css - 304 Not Modified (0ms)


Started GET "/assets/manager.css?body=1" for 127.0.0.1 at 2013-05-14 15:10:40 -0400
Served asset /manager.css - 304 Not Modified (0ms)


Started GET "/assets/scaffolds.css?body=1" for 127.0.0.1 at 2013-05-14 15:10:40 -0400
Served asset /scaffolds.css - 304 Not Modified (0ms)


Started GET "/assets/orders.css?body=1" for 127.0.0.1 at 2013-05-14 15:10:40 -0400
Served asset /orders.css - 304 Not Modified (0ms)


Started GET "/assets/state_updater.css?body=1" for 127.0.0.1 at 2013-05-14 15:10:40 -0400
Served asset /state_updater.css - 304 Not Modified (0ms)


Started GET "/assets/stock_manager.css?body=1" for 127.0.0.1 at 2013-05-14 15:10:40 -0400
Served asset /stock_manager.css - 304 Not Modified (0ms)


Started GET "/assets/jquery.js?body=1" for 127.0.0.1 at 2013-05-14 15:10:40 -0400
Served asset /jquery.js - 304 Not Modified (0ms)


Started GET "/assets/jquery_ujs.js?body=1" for 127.0.0.1 at 2013-05-14 15:10:40 -0400
Served asset /jquery_ujs.js - 304 Not Modified (0ms)


Started GET "/assets/mailer.js?body=1" for 127.0.0.1 at 2013-05-14 15:10:40 -0400
Served asset /mailer.js - 304 Not Modified (0ms)


Started GET "/assets/orders.js?body=1" for 127.0.0.1 at 2013-05-14 15:10:40 -0400
Served asset /orders.js - 304 Not Modified (0ms)


Started GET "/assets/manager.js?body=1" for 127.0.0.1 at 2013-05-14 15:10:40 -0400
Served asset /manager.js - 304 Not Modified (0ms)


Started GET "/assets/reservator.js?body=1" for 127.0.0.1 at 2013-05-14 15:10:40 -0400
Served asset /reservator.js - 304 Not Modified (0ms)


Started GET "/assets/state_updater.js?body=1" for 127.0.0.1 at 2013-05-14 15:10:40 -0400
Served asset /state_updater.js - 304 Not Modified (0ms)


Started GET "/assets/application.js?body=1" for 127.0.0.1 at 2013-05-14 15:10:40 -0400
Served asset /application.js - 304 Not Modified (0ms)


Started GET "/assets/stock_manager.js?body=1" for 127.0.0.1 at 2013-05-14 15:10:40 -0400
Served asset /stock_manager.js - 304 Not Modified (0ms)


Started DELETE "/orders/3" for 127.0.0.1 at 2013-05-14 15:10:42 -0400
Processing by OrdersController#destroy as HTML
  Parameters: {"authenticity_token"=>"cekZszBQHNXn2MEPaG3yiDBkc5PRb+SGQ+67Q4eUVOk=", "id"=>"3"}
  [1m[36mOrder Load (0.1ms)[0m  [1mSELECT "orders".* FROM "orders" WHERE "orders"."id" = ? LIMIT 1[0m  [["id", "3"]]
  [1m[35m (0.1ms)[0m  begin transaction
  [1m[36mSQL (0.2ms)[0m  [1mDELETE FROM "orders" WHERE "orders"."id" = ?[0m  [["id", 3]]
  [1m[35m (56.7ms)[0m  commit transaction
Redirected to http://localhost:3000/orders
Completed 302 Found in 59ms (ActiveRecord: 57.0ms)


Started GET "/orders" for 127.0.0.1 at 2013-05-14 15:10:43 -0400
Processing by OrdersController#index as HTML
  [1m[36mOrder Load (0.1ms)[0m  [1mSELECT "orders".* FROM "orders" [0m
  Rendered orders/index.html.erb within layouts/application (0.3ms)
Completed 200 OK in 107ms (Views: 106.7ms | ActiveRecord: 0.1ms)


Started GET "/assets/application.css?body=1" for 127.0.0.1 at 2013-05-14 15:10:43 -0400
Served asset /application.css - 304 Not Modified (0ms)


Started GET "/assets/mailer.css?body=1" for 127.0.0.1 at 2013-05-14 15:10:43 -0400
Served asset /mailer.css - 304 Not Modified (0ms)


Started GET "/assets/manager.css?body=1" for 127.0.0.1 at 2013-05-14 15:10:43 -0400
Served asset /manager.css - 304 Not Modified (0ms)


Started GET "/assets/orders.css?body=1" for 127.0.0.1 at 2013-05-14 15:10:43 -0400
Served asset /orders.css - 304 Not Modified (0ms)


Started GET "/assets/scaffolds.css?body=1" for 127.0.0.1 at 2013-05-14 15:10:43 -0400
Served asset /scaffolds.css - 304 Not Modified (0ms)


Started GET "/assets/reservator.css?body=1" for 127.0.0.1 at 2013-05-14 15:10:43 -0400
Served asset /reservator.css - 304 Not Modified (0ms)


Started GET "/assets/state_updater.css?body=1" for 127.0.0.1 at 2013-05-14 15:10:43 -0400
Served asset /state_updater.css - 304 Not Modified (0ms)


Started GET "/assets/stock_manager.css?body=1" for 127.0.0.1 at 2013-05-14 15:10:43 -0400
Served asset /stock_manager.css - 304 Not Modified (0ms)


Started GET "/assets/jquery.js?body=1" for 127.0.0.1 at 2013-05-14 15:10:43 -0400
Served asset /jquery.js - 304 Not Modified (0ms)


Started GET "/assets/jquery_ujs.js?body=1" for 127.0.0.1 at 2013-05-14 15:10:43 -0400
Served asset /jquery_ujs.js - 304 Not Modified (0ms)


Started GET "/assets/mailer.js?body=1" for 127.0.0.1 at 2013-05-14 15:10:43 -0400
Served asset /mailer.js - 304 Not Modified (0ms)


Started GET "/assets/manager.js?body=1" for 127.0.0.1 at 2013-05-14 15:10:43 -0400
Served asset /manager.js - 304 Not Modified (0ms)


Started GET "/assets/orders.js?body=1" for 127.0.0.1 at 2013-05-14 15:10:43 -0400
Served asset /orders.js - 304 Not Modified (0ms)


Started GET "/assets/reservator.js?body=1" for 127.0.0.1 at 2013-05-14 15:10:43 -0400
Served asset /reservator.js - 304 Not Modified (0ms)


Started GET "/assets/state_updater.js?body=1" for 127.0.0.1 at 2013-05-14 15:10:43 -0400
Served asset /state_updater.js - 304 Not Modified (0ms)


Started GET "/assets/stock_manager.js?body=1" for 127.0.0.1 at 2013-05-14 15:10:43 -0400
Served asset /stock_manager.js - 304 Not Modified (0ms)


Started GET "/assets/application.js?body=1" for 127.0.0.1 at 2013-05-14 15:10:43 -0400
Served asset /application.js - 304 Not Modified (0ms)


Started GET "/orders" for 127.0.0.1 at 2013-05-14 15:10:45 -0400
Processing by OrdersController#index as HTML
  [1m[35mOrder Load (0.1ms)[0m  SELECT "orders".* FROM "orders" 
  Rendered orders/index.html.erb within layouts/application (0.3ms)
Completed 200 OK in 82ms (Views: 81.3ms | ActiveRecord: 0.1ms)


Started GET "/assets/mailer.css?body=1" for 127.0.0.1 at 2013-05-14 15:10:45 -0400
Served asset /mailer.css - 304 Not Modified (0ms)


Started GET "/assets/orders.css?body=1" for 127.0.0.1 at 2013-05-14 15:10:45 -0400
Served asset /orders.css - 304 Not Modified (0ms)


Started GET "/assets/reservator.css?body=1" for 127.0.0.1 at 2013-05-14 15:10:45 -0400
Served asset /reservator.css - 304 Not Modified (0ms)


Started GET "/assets/application.css?body=1" for 127.0.0.1 at 2013-05-14 15:10:45 -0400
Served asset /application.css - 304 Not Modified (0ms)


Started GET "/assets/manager.css?body=1" for 127.0.0.1 at 2013-05-14 15:10:45 -0400
Served asset /manager.css - 304 Not Modified (0ms)


Started GET "/assets/scaffolds.css?body=1" for 127.0.0.1 at 2013-05-14 15:10:45 -0400
Served asset /scaffolds.css - 304 Not Modified (0ms)


Started GET "/assets/state_updater.css?body=1" for 127.0.0.1 at 2013-05-14 15:10:45 -0400
Served asset /state_updater.css - 304 Not Modified (0ms)


Started GET "/assets/stock_manager.css?body=1" for 127.0.0.1 at 2013-05-14 15:10:45 -0400
Served asset /stock_manager.css - 304 Not Modified (0ms)


Started GET "/assets/jquery.js?body=1" for 127.0.0.1 at 2013-05-14 15:10:45 -0400
Served asset /jquery.js - 304 Not Modified (0ms)


Started GET "/assets/jquery_ujs.js?body=1" for 127.0.0.1 at 2013-05-14 15:10:45 -0400
Served asset /jquery_ujs.js - 304 Not Modified (0ms)


Started GET "/assets/mailer.js?body=1" for 127.0.0.1 at 2013-05-14 15:10:45 -0400
Served asset /mailer.js - 304 Not Modified (0ms)


Started GET "/assets/manager.js?body=1" for 127.0.0.1 at 2013-05-14 15:10:45 -0400
Served asset /manager.js - 304 Not Modified (0ms)


Started GET "/assets/orders.js?body=1" for 127.0.0.1 at 2013-05-14 15:10:45 -0400
Served asset /orders.js - 304 Not Modified (0ms)


Started GET "/assets/reservator.js?body=1" for 127.0.0.1 at 2013-05-14 15:10:45 -0400
Served asset /reservator.js - 304 Not Modified (0ms)


Started GET "/assets/stock_manager.js?body=1" for 127.0.0.1 at 2013-05-14 15:10:45 -0400
Served asset /stock_manager.js - 304 Not Modified (0ms)


Started GET "/assets/state_updater.js?body=1" for 127.0.0.1 at 2013-05-14 15:10:45 -0400
Served asset /state_updater.js - 304 Not Modified (0ms)


Started GET "/assets/application.js?body=1" for 127.0.0.1 at 2013-05-14 15:10:45 -0400
Served asset /application.js - 304 Not Modified (0ms)


Started GET "/orders" for 127.0.0.1 at 2013-05-14 15:12:28 -0400
Processing by OrdersController#index as HTML
  [1m[36mOrder Load (0.1ms)[0m  [1mSELECT "orders".* FROM "orders" [0m
  Rendered orders/index.html.erb within layouts/application (5.5ms)
Completed 200 OK in 135ms (Views: 123.5ms | ActiveRecord: 0.6ms)


Started GET "/assets/application.css?body=1" for 127.0.0.1 at 2013-05-14 15:12:29 -0400
Served asset /application.css - 304 Not Modified (0ms)


Started GET "/assets/mailer.css?body=1" for 127.0.0.1 at 2013-05-14 15:12:29 -0400
Served asset /mailer.css - 304 Not Modified (0ms)


Started GET "/assets/orders.css?body=1" for 127.0.0.1 at 2013-05-14 15:12:29 -0400
Served asset /orders.css - 304 Not Modified (0ms)


Started GET "/assets/scaffolds.css?body=1" for 127.0.0.1 at 2013-05-14 15:12:29 -0400
Served asset /scaffolds.css - 304 Not Modified (0ms)


Started GET "/assets/reservator.css?body=1" for 127.0.0.1 at 2013-05-14 15:12:29 -0400
Served asset /reservator.css - 304 Not Modified (0ms)


Started GET "/assets/manager.css?body=1" for 127.0.0.1 at 2013-05-14 15:12:29 -0400
Served asset /manager.css - 304 Not Modified (0ms)


Started GET "/assets/state_updater.css?body=1" for 127.0.0.1 at 2013-05-14 15:12:29 -0400
Served asset /state_updater.css - 304 Not Modified (0ms)


Started GET "/assets/stock_manager.css?body=1" for 127.0.0.1 at 2013-05-14 15:12:29 -0400
Served asset /stock_manager.css - 304 Not Modified (0ms)


Started GET "/assets/jquery.js?body=1" for 127.0.0.1 at 2013-05-14 15:12:29 -0400
Served asset /jquery.js - 304 Not Modified (0ms)


Started GET "/assets/jquery_ujs.js?body=1" for 127.0.0.1 at 2013-05-14 15:12:29 -0400
Served asset /jquery_ujs.js - 304 Not Modified (0ms)


Started GET "/assets/mailer.js?body=1" for 127.0.0.1 at 2013-05-14 15:12:29 -0400
Served asset /mailer.js - 304 Not Modified (0ms)


Started GET "/assets/stock_manager.js?body=1" for 127.0.0.1 at 2013-05-14 15:12:29 -0400
Served asset /stock_manager.js - 304 Not Modified (0ms)


Started GET "/assets/orders.js?body=1" for 127.0.0.1 at 2013-05-14 15:12:29 -0400
Served asset /orders.js - 304 Not Modified (0ms)


Started GET "/assets/reservator.js?body=1" for 127.0.0.1 at 2013-05-14 15:12:29 -0400
Served asset /reservator.js - 304 Not Modified (0ms)


Started GET "/assets/state_updater.js?body=1" for 127.0.0.1 at 2013-05-14 15:12:29 -0400
Served asset /state_updater.js - 304 Not Modified (0ms)


Started GET "/assets/manager.js?body=1" for 127.0.0.1 at 2013-05-14 15:12:29 -0400
Served asset /manager.js - 304 Not Modified (0ms)


Started GET "/assets/application.js?body=1" for 127.0.0.1 at 2013-05-14 15:12:29 -0400
Served asset /application.js - 304 Not Modified (0ms)
